SF:lib/src/mongo_db_connection_manager.dart
DA:15,0
DA:16,0
DA:21,0
DA:29,0
DA:30,0
DA:31,0
DA:35,0
DA:36,0
DA:37,0
LF:9
LH:0
end_of_record
SF:lib/src/ht_data_mongodb.dart
DA:16,1
DA:26,2
DA:36,5
DA:42,1
DA:46,1
DA:47,3
DA:50,2
DA:57,1
DA:60,3
DA:67,1
DA:71,1
DA:74,1
DA:80,1
DA:83,3
DA:95,1
DA:96,1
DA:98,1
DA:99,2
DA:100,5
DA:105,1
DA:106,1
DA:109,3
DA:118,1
DA:123,1
DA:124,3
DA:127,1
DA:129,3
DA:131,3
DA:135,1
DA:136,2
DA:138,3
DA:139,1
DA:140,1
DA:141,1
DA:143,1
DA:144,2
DA:145,1
DA:146,2
DA:149,2
DA:150,1
DA:152,1
DA:156,1
DA:157,3
DA:160,1
DA:165,4
DA:167,1
DA:169,1
DA:172,2
DA:174,2
DA:175,4
DA:176,1
DA:177,2
DA:181,2
DA:182,1
DA:184,1
DA:185,2
DA:186,1
DA:189,1
DA:190,2
DA:191,2
DA:195,1
DA:197,2
DA:198,2
DA:201,1
DA:202,2
DA:205,1
DA:206,1
DA:209,1
DA:212,2
DA:214,2
DA:215,2
DA:216,2
DA:218,1
DA:219,2
DA:223,1
DA:225,1
DA:226,2
DA:227,2
DA:231,1
DA:236,4
DA:239,1
DA:240,2
DA:243,1
DA:244,1
DA:248,1
DA:251,2
DA:254,3
DA:255,1
DA:258,1
DA:259,2
DA:263,1
DA:264,1
DA:266,1
DA:267,2
DA:268,1
DA:271,1
DA:273,1
DA:274,2
DA:275,2
DA:279,1
DA:286,3
DA:287,1
DA:291,1
DA:292,1
DA:293,1
DA:295,1
DA:296,2
DA:300,1
DA:301,1
DA:304,1
DA:306,1
DA:308,2
DA:310,2
DA:312,3
DA:315,1
DA:316,3
DA:319,1
DA:325,1
DA:327,1
DA:328,2
DA:329,1
DA:332,1
DA:334,1
DA:335,2
DA:336,2
DA:340,1
DA:346,2
DA:347,2
DA:350,1
DA:351,2
DA:354,1
DA:355,1
DA:358,1
DA:361,1
DA:363,1
DA:366,2
DA:368,2
DA:369,3
DA:370,1
DA:373,1
DA:374,2
DA:379,1
DA:381,1
DA:382,2
DA:383,1
DA:386,1
DA:388,1
DA:389,2
DA:390,2
DA:394,1
DA:399,2
DA:400,2
DA:403,1
DA:404,2
DA:406,1
DA:408,1
DA:409,2
DA:410,1
DA:413,1
DA:414,2
DA:415,2
DA:419,1
DA:424,2
DA:425,2
DA:429,1
DA:435,2
DA:436,1
DA:440,1
DA:441,1
DA:442,1
DA:444,1
DA:446,1
DA:447,2
DA:448,1
DA:455,1
DA:456,2
DA:458,2
DA:459,1
DA:461,2
DA:464,2
DA:465,1
DA:466,2
DA:467,2
LF:183
LH:183
end_of_record
