SF:lib/src/mongo_db_connection_manager.dart
DA:15,0
DA:16,0
DA:21,0
DA:29,0
DA:30,0
DA:31,0
DA:35,0
DA:36,0
DA:37,0
LF:9
LH:0
end_of_record
SF:lib/src/ht_data_mongodb.dart
DA:16,1
DA:26,2
DA:36,5
DA:42,1
DA:46,1
DA:47,3
DA:50,2
DA:57,1
DA:60,3
DA:67,1
DA:71,1
DA:74,1
DA:80,1
DA:83,3
DA:95,1
DA:96,1
DA:98,1
DA:99,2
DA:100,5
DA:105,1
DA:106,1
DA:109,3
DA:118,1
DA:123,1
DA:124,0
DA:127,1
DA:129,4
DA:131,0
DA:135,1
DA:136,2
DA:138,3
DA:139,1
DA:140,1
DA:141,1
DA:143,1
DA:144,1
DA:145,0
DA:146,0
DA:149,2
DA:150,1
DA:152,1
DA:156,1
DA:157,3
DA:160,1
DA:165,4
DA:167,1
DA:169,1
DA:172,2
DA:174,2
DA:175,4
DA:176,1
DA:177,2
DA:181,2
DA:182,1
DA:184,1
DA:185,2
DA:186,1
DA:189,1
DA:190,2
DA:191,2
DA:195,1
DA:197,2
DA:198,2
DA:201,1
DA:202,2
DA:205,1
DA:206,1
DA:209,1
DA:212,2
DA:214,2
DA:215,2
DA:216,2
DA:218,1
DA:219,2
DA:223,1
DA:224,2
DA:225,2
DA:229,1
DA:234,4
DA:237,1
DA:238,2
DA:241,1
DA:242,1
DA:246,1
DA:249,2
DA:252,3
DA:253,1
DA:256,1
DA:257,2
DA:261,1
DA:262,1
DA:264,1
DA:265,2
DA:266,1
DA:269,1
DA:270,2
DA:271,2
DA:275,1
DA:282,3
DA:283,1
DA:287,1
DA:288,1
DA:289,1
DA:291,1
DA:292,2
DA:296,2
DA:299,2
DA:300,3
DA:302,2
DA:304,3
DA:306,2
DA:308,2
DA:310,3
DA:313,1
DA:314,3
DA:317,1
DA:323,1
DA:325,1
DA:326,2
DA:327,1
DA:330,0
DA:331,0
DA:332,0
DA:336,1
DA:342,2
DA:343,2
DA:346,1
DA:347,2
DA:350,1
DA:351,1
DA:354,1
DA:357,1
DA:359,1
DA:362,2
DA:364,2
DA:365,3
DA:366,1
DA:369,1
DA:370,2
DA:375,1
DA:377,1
DA:378,2
DA:379,1
DA:382,1
DA:383,2
DA:384,2
LF:146
LH:139
end_of_record
